[debug] [2021-04-03T01:27:32.725Z] ----------------------------------------------------------------------
[debug] [2021-04-03T01:27:32.728Z] Command:       /Users/willchen/.nvm/versions/node/v13.6.0/bin/node /Users/willchen/.nvm/versions/node/v13.6.0/bin/firebase emulators:start --only functions
[debug] [2021-04-03T01:27:32.728Z] CLI Version:   9.6.0
[debug] [2021-04-03T01:27:32.728Z] Platform:      darwin
[debug] [2021-04-03T01:27:32.728Z] Node Version:  v13.6.0
[debug] [2021-04-03T01:27:32.729Z] Time:          Fri Apr 02 2021 18:27:32 GMT-0700 (Pacific Daylight Time)
[debug] [2021-04-03T01:27:32.729Z] ----------------------------------------------------------------------
[debug] [2021-04-03T01:27:32.729Z] 
[debug] [2021-04-03T01:27:32.738Z] > command requires scopes: ["email","openid","https://www.googleapis.com/auth/cloudplatformprojects.readonly","https://www.googleapis.com/auth/firebase","https://www.googleapis.com/auth/cloud-platform"]
[debug] [2021-04-03T01:27:32.738Z] > authorizing via signed-in user
[info] i  emulators: Starting emulators: functions {"metadata":{"emulator":{"name":"hub"},"message":"Starting emulators: functions"}}
[debug] [2021-04-03T01:27:32.756Z] [hub] writing locator at /var/folders/ck/vgczjnfs55d6xt4rtfzb_5mw0000gn/T/hub-clone-2fd96.json
[warn] ⚠  functions: The following emulators are not running, calls to these services from the Functions emulator will affect production: auth, firestore, database, hosting, pubsub {"metadata":{"emulator":{"name":"functions"},"message":"The following emulators are not running, calls to these services from the Functions emulator will affect production: \u001b[1mauth, firestore, database, hosting, pubsub\u001b[22m"}}
[warn] ⚠  Your requested "node" version "12" doesn't match your global version "13" {"metadata":{"emulator":{"name":"functions"},"message":"Your requested \"node\" version \"12\" doesn't match your global version \"13\""}}
[debug] [2021-04-03T01:27:32.790Z] defaultcredentials: writing to file /Users/willchen/.config/firebase/williamchen13225_gmail_com_application_default_credentials.json
[debug] [2021-04-03T01:27:32.792Z] Setting GAC to /Users/willchen/.config/firebase/williamchen13225_gmail_com_application_default_credentials.json {"metadata":{"emulator":{"name":"functions"},"message":"Setting GAC to /Users/willchen/.config/firebase/williamchen13225_gmail_com_application_default_credentials.json"}}
[debug] [2021-04-03T01:27:32.794Z] >>> [apiv2][query] GET https://firebase.googleapis.com/v1beta1/projects/clone-2fd96/adminSdkConfig [none]
[debug] [2021-04-03T01:27:33.107Z] <<< [apiv2][status] GET https://firebase.googleapis.com/v1beta1/projects/clone-2fd96/adminSdkConfig 200
[debug] [2021-04-03T01:27:33.107Z] <<< [apiv2][body] GET https://firebase.googleapis.com/v1beta1/projects/clone-2fd96/adminSdkConfig {"projectId":"clone-2fd96","storageBucket":"clone-2fd96.appspot.com","locationId":"us-central"}
[debug] [2021-04-03T01:27:33.133Z] Ignoring unsupported arg: auto_download {"metadata":{"emulator":{"name":"ui"},"message":"Ignoring unsupported arg: auto_download"}}
[debug] [2021-04-03T01:27:33.133Z] Ignoring unsupported arg: port {"metadata":{"emulator":{"name":"ui"},"message":"Ignoring unsupported arg: port"}}
[debug] [2021-04-03T01:27:33.133Z] Starting Emulator UI with command {"binary":"node","args":["/Users/willchen/.cache/firebase/emulators/ui-v1.4.2/server.bundle.js"],"optionalArgs":[],"joinArgs":false} {"metadata":{"emulator":{"name":"ui"},"message":"Starting Emulator UI with command {\"binary\":\"node\",\"args\":[\"/Users/willchen/.cache/firebase/emulators/ui-v1.4.2/server.bundle.js\"],\"optionalArgs\":[],\"joinArgs\":false}"}}
[info] i  ui: Emulator UI logging to ui-debug.log {"metadata":{"emulator":{"name":"ui"},"message":"Emulator UI logging to \u001b[1mui-debug.log\u001b[22m"}}
[debug] [2021-04-03T01:27:33.249Z] Web / API server started at http://localhost:4000
 {"metadata":{"emulator":{"name":"ui"},"message":"Web / API server started at http://localhost:4000\n"}}
[info] i  functions: Watching "/Users/willchen/Desktop/Projects/amazon-clone/functions" for Cloud Functions... {"metadata":{"emulator":{"name":"functions"},"message":"Watching \"/Users/willchen/Desktop/Projects/amazon-clone/functions\" for Cloud Functions..."}}
[debug] [2021-04-03T01:27:33.411Z] [worker-pool] addWorker(~diagnostic~) {"metadata":{"emulator":{"name":"functions"},"message":"[worker-pool] addWorker(~diagnostic~)"}}
[debug] [2021-04-03T01:27:33.412Z] [worker-pool] Adding worker with key ~diagnostic~, total=1 {"metadata":{"emulator":{"name":"functions"},"message":"[worker-pool] Adding worker with key ~diagnostic~, total=1"}}
[debug] [2021-04-03T01:27:33.412Z] [worker-pool] submitWork(triggerId=) {"metadata":{"emulator":{"name":"functions"},"message":"[worker-pool] submitWork(triggerId=)"}}
[debug] [2021-04-03T01:27:33.412Z] [worker-~diagnostic~-1f3020ad-01da-422b-bf5f-bfb75cc50ee0]: Assigning socketPath: /var/folders/ck/vgczjnfs55d6xt4rtfzb_5mw0000gn/T/fire_emu_41202.sock {"metadata":{"emulator":{"name":"functions"},"message":"[worker-~diagnostic~-1f3020ad-01da-422b-bf5f-bfb75cc50ee0]: Assigning socketPath: /var/folders/ck/vgczjnfs55d6xt4rtfzb_5mw0000gn/T/fire_emu_41202.sock"}}
[debug] [2021-04-03T01:27:33.413Z] [worker-~diagnostic~-1f3020ad-01da-422b-bf5f-bfb75cc50ee0]: BUSY {"metadata":{"emulator":{"name":"functions"},"message":"[worker-~diagnostic~-1f3020ad-01da-422b-bf5f-bfb75cc50ee0]: BUSY"}}
[debug] [2021-04-03T01:27:33.556Z] [runtime-status] [41202] Functions runtime initialized. {"cwd":"/Users/willchen/Desktop/Projects/amazon-clone/functions","node_version":"13.6.0"} {"metadata":{"emulator":{"name":"functions"},"message":"[runtime-status] [41202] Functions runtime initialized. {\"cwd\":\"/Users/willchen/Desktop/Projects/amazon-clone/functions\",\"node_version\":\"13.6.0\"}"}}
[debug] [2021-04-03T01:27:33.557Z] [runtime-status] [41202] Disabled runtime features: undefined {"metadata":{"emulator":{"name":"functions"},"message":"[runtime-status] [41202] Disabled runtime features: undefined"}}
[debug] [2021-04-03T01:27:33.565Z] [runtime-status] [41202] Resolved module firebase-admin {"declared":true,"installed":true,"version":"9.5.0","resolution":"/Users/willchen/Desktop/Projects/amazon-clone/functions/node_modules/firebase-admin/lib/index.js"} {"metadata":{"emulator":{"name":"functions"},"message":"[runtime-status] [41202] Resolved module firebase-admin {\"declared\":true,\"installed\":true,\"version\":\"9.5.0\",\"resolution\":\"/Users/willchen/Desktop/Projects/amazon-clone/functions/node_modules/firebase-admin/lib/index.js\"}"}}
[debug] [2021-04-03T01:27:33.570Z] [runtime-status] [41202] Resolved module firebase-functions {"declared":true,"installed":true,"version":"3.13.2","resolution":"/Users/willchen/Desktop/Projects/amazon-clone/functions/node_modules/firebase-functions/lib/index.js"} {"metadata":{"emulator":{"name":"functions"},"message":"[runtime-status] [41202] Resolved module firebase-functions {\"declared\":true,\"installed\":true,\"version\":\"3.13.2\",\"resolution\":\"/Users/willchen/Desktop/Projects/amazon-clone/functions/node_modules/firebase-functions/lib/index.js\"}"}}
[debug] [2021-04-03T01:27:33.571Z] [runtime-status] [41202] Resolved module firebase-functions {"declared":true,"installed":true,"version":"3.13.2","resolution":"/Users/willchen/Desktop/Projects/amazon-clone/functions/node_modules/firebase-functions/lib/index.js"} {"metadata":{"emulator":{"name":"functions"},"message":"[runtime-status] [41202] Resolved module firebase-functions {\"declared\":true,\"installed\":true,\"version\":\"3.13.2\",\"resolution\":\"/Users/willchen/Desktop/Projects/amazon-clone/functions/node_modules/firebase-functions/lib/index.js\"}"}}
[debug] [2021-04-03T01:27:33.573Z] [runtime-status] [41202] Outgoing network have been stubbed. [{"name":"http","status":"mocked"},{"name":"http","status":"mocked"},{"name":"https","status":"mocked"},{"name":"https","status":"mocked"},{"name":"net","status":"mocked"}] {"metadata":{"emulator":{"name":"functions"},"message":"[runtime-status] [41202] Outgoing network have been stubbed. [{\"name\":\"http\",\"status\":\"mocked\"},{\"name\":\"http\",\"status\":\"mocked\"},{\"name\":\"https\",\"status\":\"mocked\"},{\"name\":\"https\",\"status\":\"mocked\"},{\"name\":\"net\",\"status\":\"mocked\"}]"}}
[debug] [2021-04-03T01:27:33.574Z] [runtime-status] [41202] Resolved module firebase-functions {"declared":true,"installed":true,"version":"3.13.2","resolution":"/Users/willchen/Desktop/Projects/amazon-clone/functions/node_modules/firebase-functions/lib/index.js"} {"metadata":{"emulator":{"name":"functions"},"message":"[runtime-status] [41202] Resolved module firebase-functions {\"declared\":true,\"installed\":true,\"version\":\"3.13.2\",\"resolution\":\"/Users/willchen/Desktop/Projects/amazon-clone/functions/node_modules/firebase-functions/lib/index.js\"}"}}
[debug] [2021-04-03T01:27:33.659Z] [runtime-status] [41202] Checked functions.config() {"config":{}} {"metadata":{"emulator":{"name":"functions"},"message":"[runtime-status] [41202] Checked functions.config() {\"config\":{}}"}}
[debug] [2021-04-03T01:27:33.659Z] [runtime-status] [41202] firebase-functions has been stubbed. {"functionsResolution":{"declared":true,"installed":true,"version":"3.13.2","resolution":"/Users/willchen/Desktop/Projects/amazon-clone/functions/node_modules/firebase-functions/lib/index.js"}} {"metadata":{"emulator":{"name":"functions"},"message":"[runtime-status] [41202] firebase-functions has been stubbed. {\"functionsResolution\":{\"declared\":true,\"installed\":true,\"version\":\"3.13.2\",\"resolution\":\"/Users/willchen/Desktop/Projects/amazon-clone/functions/node_modules/firebase-functions/lib/index.js\"}}"}}
[debug] [2021-04-03T01:27:33.660Z] [runtime-status] [41202] Resolved module firebase-functions {"declared":true,"installed":true,"version":"3.13.2","resolution":"/Users/willchen/Desktop/Projects/amazon-clone/functions/node_modules/firebase-functions/lib/index.js"} {"metadata":{"emulator":{"name":"functions"},"message":"[runtime-status] [41202] Resolved module firebase-functions {\"declared\":true,\"installed\":true,\"version\":\"3.13.2\",\"resolution\":\"/Users/willchen/Desktop/Projects/amazon-clone/functions/node_modules/firebase-functions/lib/index.js\"}"}}
[debug] [2021-04-03T01:27:33.661Z] [runtime-status] [41202] Resolved module firebase-admin {"declared":true,"installed":true,"version":"9.5.0","resolution":"/Users/willchen/Desktop/Projects/amazon-clone/functions/node_modules/firebase-admin/lib/index.js"} {"metadata":{"emulator":{"name":"functions"},"message":"[runtime-status] [41202] Resolved module firebase-admin {\"declared\":true,\"installed\":true,\"version\":\"9.5.0\",\"resolution\":\"/Users/willchen/Desktop/Projects/amazon-clone/functions/node_modules/firebase-admin/lib/index.js\"}"}}
[debug] [2021-04-03T01:27:33.661Z] [runtime-status] [41202] Resolved module firebase-functions {"declared":true,"installed":true,"version":"3.13.2","resolution":"/Users/willchen/Desktop/Projects/amazon-clone/functions/node_modules/firebase-functions/lib/index.js"} {"metadata":{"emulator":{"name":"functions"},"message":"[runtime-status] [41202] Resolved module firebase-functions {\"declared\":true,\"installed\":true,\"version\":\"3.13.2\",\"resolution\":\"/Users/willchen/Desktop/Projects/amazon-clone/functions/node_modules/firebase-functions/lib/index.js\"}"}}
[debug] [2021-04-03T01:27:33.661Z] [runtime-status] [41202] firebase-admin has been stubbed. {"adminResolution":{"declared":true,"installed":true,"version":"9.5.0","resolution":"/Users/willchen/Desktop/Projects/amazon-clone/functions/node_modules/firebase-admin/lib/index.js"}} {"metadata":{"emulator":{"name":"functions"},"message":"[runtime-status] [41202] firebase-admin has been stubbed. {\"adminResolution\":{\"declared\":true,\"installed\":true,\"version\":\"9.5.0\",\"resolution\":\"/Users/willchen/Desktop/Projects/amazon-clone/functions/node_modules/firebase-admin/lib/index.js\"}}"}}
[info] ✔  functions[api]: http function initialized (http://localhost:5001/clone-2fd96/us-central1/api). {"metadata":{"emulator":{"name":"functions"},"message":"\u001b[1mhttp\u001b[22m function initialized (http://localhost:5001/clone-2fd96/us-central1/api)."}}
[info] 
┌─────────────────────────────────────────────────────────────┐
│ ✔  All emulators ready! It is now safe to connect your app. │
│ i  View Emulator UI at http://localhost:4000                │
└─────────────────────────────────────────────────────────────┘

┌───────────┬────────────────┬─────────────────────────────────┐
│ Emulator  │ Host:Port      │ View in Emulator UI             │
├───────────┼────────────────┼─────────────────────────────────┤
│ Functions │ localhost:5001 │ http://localhost:4000/functions │
└───────────┴────────────────┴─────────────────────────────────┘
  Emulator Hub running at localhost:4400
  Other reserved ports: 4500

Issues? Report them at https://github.com/firebase/firebase-tools/issues and attach the *-debug.log files.
 
[debug] [2021-04-03T01:27:33.899Z] [worker-~diagnostic~-1f3020ad-01da-422b-bf5f-bfb75cc50ee0]: IDLE {"metadata":{"emulator":{"name":"functions"},"message":"[worker-~diagnostic~-1f3020ad-01da-422b-bf5f-bfb75cc50ee0]: IDLE"}}
